0 silly input [ 'test' ]
1 silly flags { _: [ 'run' ],
1 silly flags   'reject-cycles': false,
1 silly flags   rejectCycles: false,
1 silly flags   script: 'test',
1 silly flags   args: [] }
2 verbose rootPath /Users/ricardocanastro/dev/personal/lens
3 info version 2.11.0
4 silly existsSync /Users/ricardocanastro/dev/personal/lens/VERSION
5 silly initialize attempt
6 silly initialize success
7 silly execute attempt
8 silly runScriptInDir test [] core
9 silly getExecOpts { cwd: '/Users/ricardocanastro/dev/personal/lens/packages/core' }
10 silly runScriptInDir test [] brightness
11 silly getExecOpts { cwd: '/Users/ricardocanastro/dev/personal/lens/packages/filters/brightness' }
12 silly runScriptInDir test [] color
13 silly getExecOpts { cwd: '/Users/ricardocanastro/dev/personal/lens/packages/filters/color' }
14 silly runScriptInDir test [] colorize
15 silly getExecOpts { cwd: '/Users/ricardocanastro/dev/personal/lens/packages/filters/colorize' }
16 silly runScriptInDir test [] contrast
17 silly getExecOpts { cwd: '/Users/ricardocanastro/dev/personal/lens/packages/filters/contrast' }
18 silly runScriptInDir test [] gamma
19 silly getExecOpts { cwd: '/Users/ricardocanastro/dev/personal/lens/packages/filters/gamma' }
20 silly runScriptInDir test [] grayscale
21 silly getExecOpts { cwd: '/Users/ricardocanastro/dev/personal/lens/packages/filters/grayscale' }
22 silly runScriptInDir test [] invert
23 silly getExecOpts { cwd: '/Users/ricardocanastro/dev/personal/lens/packages/filters/invert' }
24 silly runScriptInDir test [] noise
25 silly getExecOpts { cwd: '/Users/ricardocanastro/dev/personal/lens/packages/filters/noise' }
26 silly runScriptInDir test [] sepia
27 silly getExecOpts { cwd: '/Users/ricardocanastro/dev/personal/lens/packages/filters/sepia' }
28 silly runScriptInDir test [] threshold
29 silly getExecOpts { cwd: '/Users/ricardocanastro/dev/personal/lens/packages/filters/threshold' }
30 silly runScriptInDir test [] chainable
31 silly getExecOpts { cwd: '/Users/ricardocanastro/dev/personal/lens/packages/chainable' }
32 silly runScriptInDir test [] x-lens
33 silly getExecOpts { cwd: '/Users/ricardocanastro/dev/personal/lens/packages/x-lens' }
34 error test Errored while running script in 'x-lens'
35 error execute callback with error
36 error Error: Command failed: npm run test
36 error FAIL src/components/x-lens/x-lens.spec.ts
36 error   ● Test suite failed to run
36 error
36 error     Cannot find module 'lens-core' from 'x-lens.tsx'
36 error
36 error       at Resolver.resolveModule (node_modules/jest-resolve/build/index.js:191:17)
36 error       at Object.<anonymous> (src/components/x-lens/x-lens.tsx:12:19)
36 error
36 error Test Suites: 1 failed, 1 total
36 error Tests:       0 total
36 error Snapshots:   0 total
36 error Time:        3.967s
36 error Ran all test suites.
36 error npm ERR! code ELIFECYCLE
36 error npm ERR! errno 1
36 error npm ERR! x-lens@0.0.1 test: `jest`
36 error npm ERR! Exit status 1
36 error npm ERR!
36 error npm ERR! Failed at the x-lens@0.0.1 test script.
36 error npm ERR! This is probably not a problem with npm. There is likely additional logging output above.
36 error
36 error npm ERR! A complete log of this run can be found in:
36 error npm ERR!     /Users/ricardocanastro/.npm/_logs/2018-06-09T20_34_48_379Z-debug.log
36 error
36 error > x-lens@0.0.1 test /Users/ricardocanastro/dev/personal/lens/packages/x-lens
36 error > jest
36 error
36 error
36 error     at Promise.all.then.arr (/Users/ricardocanastro/dev/personal/lens/node_modules/execa/index.js:236:11)
